# JRE version: OpenJDK Runtime Environment Temurin-21.0.6+7 (21.0.6+7) (build 21.0.6+7-LTS)
# Java VM: OpenJDK 64-Bit Server VM Temurin-21.0.6+7 (21.0.6+7-LTS, mixed mode, emulated-client, sharing, tiered, compressed oops, compressed class ptrs, g1 gc, windows-amd64)
GC Precious Log:
 CardTable entry size: 512
 Card Set container configuration: InlinePtr #cards 4 size 8 Array Of Cards #cards 16 size 48 Howl #buckets 8 coarsen threshold 3686 Howl Bitmap #cards 512 size 80 coarsen threshold 460 Card regions per heap region 1 cards per card region 4096
 CPUs: 4 total, 4 available
 Memory: 16302M
 Large Page Support: Disabled
 NUMA Support: Disabled
 Compressed Oops: Enabled (Zero based)
 Heap Region Size: 2M
 Heap Min Capacity: 8M
 Heap Initial Capacity: 256M
 Heap Max Capacity: 4076M
 Pre-touch: Disabled
 Parallel Workers: 4
 Concurrent Workers: 1
 Concurrent Refinement Workers: 4
 Periodic GC: Disabled
Heap:
 garbage-first heap   total 122880K, used 100960K [0x0000000701400000, 0x0000000800000000)
  region size 2048K, 33 young (67584K), 0 survivors (0K)
 Metaspace       used 85567K, committed 86400K, reserved 1179648K
  class space    used 11709K, committed 12224K, reserved 1048576K
GC Heap History (20 events):
Event: 60.906 GC heap before
{Heap before GC invocations=24 (full 0):
 garbage-first heap   total 102400K, used 87796K [0x0000000701400000, 0x0000000800000000)
  region size 2048K, 30 young (61440K), 3 survivors (6144K)
 Metaspace       used 72320K, committed 73152K, reserved 1114112K
  class space    used 10118K, committed 10496K, reserved 1048576K
}
Event: 60.912 GC heap after
{Heap after GC invocations=25 (full 0):
 garbage-first heap   total 122880K, used 36581K [0x0000000701400000, 0x0000000800000000)
  region size 2048K, 3 young (6144K), 3 survivors (6144K)
 Metaspace       used 72320K, committed 73152K, reserved 1114112K
  class space    used 10118K, committed 10496K, reserved 1048576K
}
Event: 83.950 GC heap before
{Heap before GC invocations=25 (full 0):
 garbage-first heap   total 122880K, used 102117K [0x0000000701400000, 0x0000000800000000)
  region size 2048K, 36 young (73728K), 3 survivors (6144K)
 Metaspace       used 80210K, committed 81088K, reserved 1179648K
  class space    used 11063K, committed 11456K, reserved 1048576K
}
Event: 83.955 GC heap after
{Heap after GC invocations=26 (full 0):
 garbage-first heap   total 122880K, used 39426K [0x0000000701400000, 0x0000000800000000)
  region size 2048K, 4 young (8192K), 4 survivors (8192K)
 Metaspace       used 80210K, committed 81088K, reserved 1179648K
  class space    used 11063K, committed 11456K, reserved 1048576K
}
Event: 693.237 GC heap before
{Heap before GC invocations=26 (full 0):
 garbage-first heap   total 122880K, used 102914K [0x0000000701400000, 0x0000000800000000)
  region size 2048K, 34 young (69632K), 4 survivors (8192K)
 Metaspace       used 84729K, committed 85696K, reserved 1179648K
  class space    used 11689K, committed 12160K, reserved 1048576K
}
Event: 693.290 GC heap after
{Heap after GC invocations=27 (full 1):
 garbage-first heap   total 122880K, used 39406K [0x0000000701400000, 0x0000000800000000)
  region size 2048K, 0 young (0K), 0 survivors (0K)
 Metaspace       used 84690K, committed 85696K, reserved 1179648K
  class space    used 11679K, committed 12160K, reserved 1048576K
}
Event: 697.800 GC heap before
{Heap before GC invocations=27 (full 1):
 garbage-first heap   total 122880K, used 111086K [0x0000000701400000, 0x0000000800000000)
  region size 2048K, 35 young (71680K), 0 survivors (0K)
 Metaspace       used 84867K, committed 85760K, reserved 1179648K
  class space    used 11726K, committed 12160K, reserved 1048576K
}
Event: 697.805 GC heap after
{Heap after GC invocations=28 (full 1):
 garbage-first heap   total 122880K, used 45550K [0x0000000701400000, 0x0000000800000000)
  region size 2048K, 3 young (6144K), 3 survivors (6144K)
 Metaspace       used 84867K, committed 85760K, reserved 1179648K
  class space    used 11726K, committed 12160K, reserved 1048576K
}
Event: 701.652 GC heap before
{Heap before GC invocations=29 (full 1):
 garbage-first heap   total 122880K, used 106990K [0x0000000701400000, 0x0000000800000000)
  region size 2048K, 33 young (67584K), 3 survivors (6144K)
 Metaspace       used 84625K, committed 85824K, reserved 1179648K
  class space    used 11627K, committed 12160K, reserved 1048576K
}
Event: 701.656 GC heap after
{Heap after GC invocations=30 (full 1):
 garbage-first heap   total 122880K, used 46661K [0x0000000701400000, 0x0000000800000000)
  region size 2048K, 3 young (6144K), 3 survivors (6144K)
 Metaspace       used 84625K, committed 85824K, reserved 1179648K
  class space    used 11627K, committed 12160K, reserved 1048576K
}
Event: 709.527 GC heap before
{Heap before GC invocations=30 (full 1):
 garbage-first heap   total 122880K, used 67141K [0x0000000701400000, 0x0000000800000000)
  region size 2048K, 14 young (28672K), 3 survivors (6144K)
 Metaspace       used 84729K, committed 85888K, reserved 1179648K
  class space    used 11638K, committed 12160K, reserved 1048576K
}
Event: 709.568 GC heap after
{Heap after GC invocations=31 (full 2):
 garbage-first heap   total 122880K, used 37356K [0x0000000701400000, 0x0000000800000000)
  region size 2048K, 0 young (0K), 0 survivors (0K)
 Metaspace       used 84718K, committed 85888K, reserved 1179648K
  class space    used 11636K, committed 12160K, reserved 1048576K
}
Event: 710.531 GC heap before
{Heap before GC invocations=31 (full 2):
 garbage-first heap   total 122880K, used 104940K [0x0000000701400000, 0x0000000800000000)
  region size 2048K, 34 young (69632K), 0 survivors (0K)
 Metaspace       used 84972K, committed 85952K, reserved 1179648K
  class space    used 11660K, committed 12160K, reserved 1048576K
}
Event: 710.535 GC heap after
{Heap after GC invocations=32 (full 2):
 garbage-first heap   total 122880K, used 42643K [0x0000000701400000, 0x0000000800000000)
  region size 2048K, 3 young (6144K), 3 survivors (6144K)
 Metaspace       used 84972K, committed 85952K, reserved 1179648K
  class space    used 11660K, committed 12160K, reserved 1048576K
}
Event: 869.569 GC heap before
{Heap before GC invocations=32 (full 2):
 garbage-first heap   total 122880K, used 81555K [0x0000000701400000, 0x0000000800000000)
  region size 2048K, 23 young (47104K), 3 survivors (6144K)
 Metaspace       used 85039K, committed 86016K, reserved 1179648K
  class space    used 11666K, committed 12160K, reserved 1048576K
}
Event: 869.611 GC heap after
{Heap after GC invocations=33 (full 3):
 garbage-first heap   total 122880K, used 37553K [0x0000000701400000, 0x0000000800000000)
  region size 2048K, 0 young (0K), 0 survivors (0K)
 Metaspace       used 85037K, committed 86016K, reserved 1179648K
  class space    used 11666K, committed 12160K, reserved 1048576K
}
Event: 870.602 GC heap before
{Heap before GC invocations=33 (full 3):
 garbage-first heap   total 122880K, used 103089K [0x0000000701400000, 0x0000000800000000)
  region size 2048K, 33 young (67584K), 0 survivors (0K)
 Metaspace       used 85294K, committed 86144K, reserved 1179648K
  class space    used 11692K, committed 12160K, reserved 1048576K
}
Event: 870.606 GC heap after
{Heap after GC invocations=34 (full 3):
 garbage-first heap   total 122880K, used 42876K [0x0000000701400000, 0x0000000800000000)
  region size 2048K, 3 young (6144K), 3 survivors (6144K)
 Metaspace       used 85294K, committed 86144K, reserved 1179648K
  class space    used 11692K, committed 12160K, reserved 1048576K
}
Event: 900.952 GC heap before
{Heap before GC invocations=34 (full 3):
 garbage-first heap   total 122880K, used 75644K [0x0000000701400000, 0x0000000800000000)
  region size 2048K, 20 young (40960K), 3 survivors (6144K)
 Metaspace       used 85355K, committed 86208K, reserved 1179648K
  class space    used 11696K, committed 12160K, reserved 1048576K
}
Event: 900.988 GC heap after
{Heap after GC invocations=35 (full 4):
 garbage-first heap   total 122880K, used 37472K [0x0000000701400000, 0x0000000800000000)
  region size 2048K, 0 young (0K), 0 survivors (0K)
 Metaspace       used 85312K, committed 86208K, reserved 1179648K
  class space    used 11685K, committed 12160K, reserved 1048576K
}

